2015/09/07 19:07:56 にビルドを開始しました。
     1>ノード 2 上のプロジェクト "C:\Users\mori\Documents\GitHub\Bungo\Client\WindowsMake\WindowsMake\WindowsMake.vcxproj" (rebuild ターゲット)。
     1>_PrepareForClean:
         ファイル "Debug\WindowsMake.lastbuildstate" を削除しています。
       InitializeBuildStatus:
         "AlwaysCreate" が指定されたため "Debug\WindowsMake.unsuccessfulbuild" を作成しています。
       ClCompile:
         C:\Program Files\Microsoft Visual Studio 10.0\VC\bin\CL.exe /c /ZI /nologo /W3 /WX- /Od /Oy- /D _MBCS /Gm /EHsc /RTC1 /MDd /GS /fp:precise /Zc:wchar_t /Zc:forScope /Fo"Debug\\" /Fd"Debug\vc100.pdb" /Gd /TP /analyze- /errorReport:prompt FullSearch.cpp sample.cpp
         sample.cpp
     1>c:\users\mori\documents\github\bungo\client\windowsmake\windowsmake\sample.cpp(197): warning C4996: 'fopen': This function or variable may be unsafe. Consider using fopen_s instead. To disable deprecation, use _CRT_SECURE_NO_WARNINGS. See online help for details.
                 c:\program files\microsoft visual studio 10.0\vc\include\stdio.h(234) : 'fopen' の宣言を確認してください。
     1>c:\users\mori\documents\github\bungo\client\windowsmake\windowsmake\sample.cpp(198): warning C4996: 'fopen': This function or variable may be unsafe. Consider using fopen_s instead. To disable deprecation, use _CRT_SECURE_NO_WARNINGS. See online help for details.
                 c:\program files\microsoft visual studio 10.0\vc\include\stdio.h(234) : 'fopen' の宣言を確認してください。
     1>c:\users\mori\documents\github\bungo\client\windowsmake\windowsmake\sample.cpp(263): warning C4996: 'sscanf': This function or variable may be unsafe. Consider using sscanf_s instead. To disable deprecation, use _CRT_SECURE_NO_WARNINGS. See online help for details.
                 c:\program files\microsoft visual studio 10.0\vc\include\stdio.h(325) : 'sscanf' の宣言を確認してください。
         FullSearch.cpp
     1>c:\users\mori\documents\github\bungo\client\windowsmake\windowsmake\fullsearch.cpp(89): warning C4996: 'scanf': This function or variable may be unsafe. Consider using scanf_s instead. To disable deprecation, use _CRT_SECURE_NO_WARNINGS. See online help for details.
                 c:\program files\microsoft visual studio 10.0\vc\include\stdio.h(304) : 'scanf' の宣言を確認してください。
     1>c:\users\mori\documents\github\bungo\client\windowsmake\windowsmake\fullsearch.cpp(99): warning C4996: 'scanf': This function or variable may be unsafe. Consider using scanf_s instead. To disable deprecation, use _CRT_SECURE_NO_WARNINGS. See online help for details.
                 c:\program files\microsoft visual studio 10.0\vc\include\stdio.h(304) : 'scanf' の宣言を確認してください。
         コードを生成中...
       Link:
         C:\Program Files\Microsoft Visual Studio 10.0\VC\bin\link.exe /ERRORREPORT:PROMPT /OUT:"C:\Users\mori\Documents\GitHub\Bungo\Client\WindowsMake\Debug\WindowsMake.exe" /NOLOGO WS2_32.Lib kernel32.lib user32.lib gdi32.lib winspool.lib comdlg32.lib advapi32.lib shell32.lib ole32.lib oleaut32.lib uuid.lib odbc32.lib odbccp32.lib /MANIFEST /ManifestFile:"Debug\WindowsMake.exe.intermediate.manifest" /MANIFESTUAC:"level='asInvoker' uiAccess='false'" /DEBUG /PDB:"C:\Users\mori\Documents\GitHub\Bungo\Client\WindowsMake\Debug\WindowsMake.pdb" /TLBID:1 /DYNAMICBASE /NXCOMPAT /IMPLIB:"C:\Users\mori\Documents\GitHub\Bungo\Client\WindowsMake\Debug\WindowsMake.lib" /MACHINE:X86 Debug\FullSearch.obj
         Debug\sample.obj
         WindowsMake.vcxproj -> C:\Users\mori\Documents\GitHub\Bungo\Client\WindowsMake\Debug\WindowsMake.exe
       Manifest:
         C:\Program Files\Microsoft SDKs\Windows\v7.0A\bin\mt.exe /nologo /verbose /outputresource:"C:\Users\mori\Documents\GitHub\Bungo\Client\WindowsMake\Debug\WindowsMake.exe;#1" /manifest Debug\WindowsMake.exe.intermediate.manifest
       FinalizeBuildStatus:
         ファイル "Debug\WindowsMake.unsuccessfulbuild" を削除しています。
         "Debug\WindowsMake.lastbuildstate" のタッチ タスクを実行しています。
     1>プロジェクト "C:\Users\mori\Documents\GitHub\Bungo\Client\WindowsMake\WindowsMake\WindowsMake.vcxproj" (rebuild ターゲット) のビルドが完了しました。

ビルドに成功しました。

経過時間 00:00:02.02
